<?xml version="1.0" encoding="UTF-8"?>
<!-- Generated by org.testng.reporters.JUnitXMLReporter -->
<testsuite ignored="1" hostname="LAPTOP-338REFB0" failures="6" tests="29" name="Test" time="1.077" errors="0" timestamp="2023-07-24T17:59:52 IST">
  <testcase classname="Demo1.AssertionsDemo" name="Invalidlogin" time="0.909">
    <failure type="org.openqa.selenium.SessionNotCreatedException" message="Could not start a new session. Possible causes are invalid address of the remote server or browser start-up failure.">
      <![CDATA[org.openqa.selenium.SessionNotCreatedException: Could not start a new session. Possible causes are invalid address of the remote server or browser start-up failure.
at org.openqa.selenium.remote.RemoteWebDriver.execute(RemoteWebDriver.java:561)
at org.openqa.selenium.remote.RemoteWebDriver.startSession(RemoteWebDriver.java:229)
at org.openqa.selenium.remote.RemoteWebDriver.<init>(RemoteWebDriver.java:157)
at org.openqa.selenium.chromium.ChromiumDriver.<init>(ChromiumDriver.java:101)
at org.openqa.selenium.chrome.ChromeDriver.<init>(ChromeDriver.java:104)
at org.openqa.selenium.chrome.ChromeDriver.<init>(ChromeDriver.java:91)
at org.openqa.selenium.chrome.ChromeDriver.<init>(ChromeDriver.java:46)
at Demo1.AssertionsDemo.Invalidlogin(AssertionsDemo.java:16)
at java.base/java.util.ArrayList.forEach(ArrayList.java:1511)
Caused by: org.openqa.selenium.WebDriverException: Driver executable is null and browser name is not set.
Build info: version: '4.1.1', revision: 'e8fcc2cecf'
System info: host: 'LAPTOP-338REFB0', ip: '192.168.29.179', os.name: 'Windows 11', os.arch: 'amd64', os.version: '10.0', java.version: '17.0.6'
Driver info: driver.version: ChromeDriver
at org.openqa.selenium.remote.service.DriverService.start(DriverService.java:199)
at org.openqa.selenium.remote.service.DriverCommandExecutor.execute(DriverCommandExecutor.java:114)
at org.openqa.selenium.remote.RemoteWebDriver.execute(RemoteWebDriver.java:543)
... 35 more
... Removed 27 stack frames]]>
    </failure>
  </testcase> <!-- Invalidlogin -->
  <testcase classname="Demo1.OtherAnnotations" name="method1" time="0.001"/>
  <testcase classname="Demo1.OtherAnnotations" name="method1" time="0.001"/>
  <testcase classname="Demo1.OtherAnnotations" name="method1" time="0.001"/>
  <testcase classname="Demo1.OtherAnnotations" name="method1" time="0.002"/>
  <testcase classname="Demo1.OtherAnnotations" name="method1" time="0.001"/>
  <testcase classname="Demo1.OtherAnnotations" name="method1" time="0.001"/>
  <testcase classname="Demo1.OtherAnnotations" name="method1" time="0.001"/>
  <testcase classname="Demo1.OtherAnnotations" name="method1" time="0.001"/>
  <testcase classname="Demo1.OtherAnnotations" name="method1" time="0.001"/>
  <testcase classname="Demo1.OtherAnnotations" name="method1" time="0.0"/>
  <testcase classname="Demo1.OtherAnnotations" name="method2" time="0.005"/>
  <testcase classname="Demo1.GroupsDemo" name="method1" time="0.002"/>
  <testcase classname="Demo1.GroupsDemo" name="method2" time="0.002"/>
  <testcase classname="Demo1.GroupsDemo" name="method3" time="0.001"/>
  <testcase classname="Demo1.DependsOnDemo" name="method2" time="0.014">
    <failure type="java.lang.AssertionError" message="The following asserts failed:
	expected [hello23] but found [hello]">
      <![CDATA[java.lang.AssertionError: The following asserts failed:
expected [hello23] but found [hello]
at Demo1.DependsOnDemo.method2(DependsOnDemo.java:21)
at java.base/java.util.ArrayList.forEach(ArrayList.java:1511)
... Removed 29 stack frames]]>
    </failure>
  </testcase> <!-- method2 -->
  <testcase classname="Demo1.DependsOnDemo" name="method1" time="0.0">
    <skipped/>
  </testcase> <!-- method1 -->
  <testcase classname="Demo1.PriorityTest" name="method1" time="0.001"/>
  <testcase classname="Demo1.PriorityTest" name="method3" time="0.0"/>
  <testcase classname="Demo1.PriorityTest" name="method2" time="0.001"/>
  <testcase classname="Demo1.DataProviderDemo" name="login" time="0.004">
    <failure type="org.openqa.selenium.SessionNotCreatedException" message="Could not start a new session. Possible causes are invalid address of the remote server or browser start-up failure.">
      <![CDATA[org.openqa.selenium.SessionNotCreatedException: Could not start a new session. Possible causes are invalid address of the remote server or browser start-up failure.
at org.openqa.selenium.remote.RemoteWebDriver.execute(RemoteWebDriver.java:561)
at org.openqa.selenium.remote.RemoteWebDriver.startSession(RemoteWebDriver.java:229)
at org.openqa.selenium.remote.RemoteWebDriver.<init>(RemoteWebDriver.java:157)
at org.openqa.selenium.chromium.ChromiumDriver.<init>(ChromiumDriver.java:101)
at org.openqa.selenium.chrome.ChromeDriver.<init>(ChromeDriver.java:104)
at org.openqa.selenium.chrome.ChromeDriver.<init>(ChromeDriver.java:91)
at org.openqa.selenium.chrome.ChromeDriver.<init>(ChromeDriver.java:46)
at Demo1.DataProviderDemo.login(DataProviderDemo.java:15)
at java.base/java.util.ArrayList.forEach(ArrayList.java:1511)
Caused by: org.openqa.selenium.WebDriverException: Driver executable is null and browser name is not set.
Build info: version: '4.1.1', revision: 'e8fcc2cecf'
System info: host: 'LAPTOP-338REFB0', ip: '192.168.29.179', os.name: 'Windows 11', os.arch: 'amd64', os.version: '10.0', java.version: '17.0.6'
Driver info: driver.version: ChromeDriver
at org.openqa.selenium.remote.service.DriverService.start(DriverService.java:199)
at org.openqa.selenium.remote.service.DriverCommandExecutor.execute(DriverCommandExecutor.java:114)
at org.openqa.selenium.remote.RemoteWebDriver.execute(RemoteWebDriver.java:543)
... 35 more
... Removed 27 stack frames]]>
    </failure>
  </testcase> <!-- login -->
  <testcase classname="Demo1.DataProviderDemo" name="login" time="0.003">
    <failure type="org.openqa.selenium.SessionNotCreatedException" message="Could not start a new session. Possible causes are invalid address of the remote server or browser start-up failure.">
      <![CDATA[org.openqa.selenium.SessionNotCreatedException: Could not start a new session. Possible causes are invalid address of the remote server or browser start-up failure.
at org.openqa.selenium.remote.RemoteWebDriver.execute(RemoteWebDriver.java:561)
at org.openqa.selenium.remote.RemoteWebDriver.startSession(RemoteWebDriver.java:229)
at org.openqa.selenium.remote.RemoteWebDriver.<init>(RemoteWebDriver.java:157)
at org.openqa.selenium.chromium.ChromiumDriver.<init>(ChromiumDriver.java:101)
at org.openqa.selenium.chrome.ChromeDriver.<init>(ChromeDriver.java:104)
at org.openqa.selenium.chrome.ChromeDriver.<init>(ChromeDriver.java:91)
at org.openqa.selenium.chrome.ChromeDriver.<init>(ChromeDriver.java:46)
at Demo1.DataProviderDemo.login(DataProviderDemo.java:15)
at java.base/java.util.ArrayList.forEach(ArrayList.java:1511)
Caused by: org.openqa.selenium.WebDriverException: Driver executable is null and browser name is not set.
Build info: version: '4.1.1', revision: 'e8fcc2cecf'
System info: host: 'LAPTOP-338REFB0', ip: '192.168.29.179', os.name: 'Windows 11', os.arch: 'amd64', os.version: '10.0', java.version: '17.0.6'
Driver info: driver.version: ChromeDriver
at org.openqa.selenium.remote.service.DriverService.start(DriverService.java:199)
at org.openqa.selenium.remote.service.DriverCommandExecutor.execute(DriverCommandExecutor.java:114)
at org.openqa.selenium.remote.RemoteWebDriver.execute(RemoteWebDriver.java:543)
... 35 more
... Removed 27 stack frames]]>
    </failure>
  </testcase> <!-- login -->
  <testcase classname="Demo1.DataProviderDemo" name="login" time="0.003">
    <failure type="org.openqa.selenium.SessionNotCreatedException" message="Could not start a new session. Possible causes are invalid address of the remote server or browser start-up failure.">
      <![CDATA[org.openqa.selenium.SessionNotCreatedException: Could not start a new session. Possible causes are invalid address of the remote server or browser start-up failure.
at org.openqa.selenium.remote.RemoteWebDriver.execute(RemoteWebDriver.java:561)
at org.openqa.selenium.remote.RemoteWebDriver.startSession(RemoteWebDriver.java:229)
at org.openqa.selenium.remote.RemoteWebDriver.<init>(RemoteWebDriver.java:157)
at org.openqa.selenium.chromium.ChromiumDriver.<init>(ChromiumDriver.java:101)
at org.openqa.selenium.chrome.ChromeDriver.<init>(ChromeDriver.java:104)
at org.openqa.selenium.chrome.ChromeDriver.<init>(ChromeDriver.java:91)
at org.openqa.selenium.chrome.ChromeDriver.<init>(ChromeDriver.java:46)
at Demo1.DataProviderDemo.login(DataProviderDemo.java:15)
at java.base/java.util.ArrayList.forEach(ArrayList.java:1511)
Caused by: org.openqa.selenium.WebDriverException: Driver executable is null and browser name is not set.
Build info: version: '4.1.1', revision: 'e8fcc2cecf'
System info: host: 'LAPTOP-338REFB0', ip: '192.168.29.179', os.name: 'Windows 11', os.arch: 'amd64', os.version: '10.0', java.version: '17.0.6'
Driver info: driver.version: ChromeDriver
at org.openqa.selenium.remote.service.DriverService.start(DriverService.java:199)
at org.openqa.selenium.remote.service.DriverCommandExecutor.execute(DriverCommandExecutor.java:114)
at org.openqa.selenium.remote.RemoteWebDriver.execute(RemoteWebDriver.java:543)
... 35 more
... Removed 27 stack frames]]>
    </failure>
  </testcase> <!-- login -->
  <testcase classname="Demo1.AnnotationTest1" name="method1" time="0.001"/>
  <testcase classname="Demo1.AnnotationTest1" name="method2" time="0.001"/>
  <testcase classname="Demo1.SoftAssertAndHardAssert" name="method1" time="0.002"/>
  <testcase classname="Demo1.SoftAssertAndHardAssert" name="method2" time="0.002">
    <failure type="java.lang.AssertionError" message="The following asserts failed:
	value is not matching expected [20] but found [19]">
      <![CDATA[java.lang.AssertionError: The following asserts failed:
value is not matching expected [20] but found [19]
at Demo1.SoftAssertAndHardAssert.method2(SoftAssertAndHardAssert.java:30)
at java.base/java.util.ArrayList.forEach(ArrayList.java:1511)
... Removed 29 stack frames]]>
    </failure>
  </testcase> <!-- method2 -->
  <testcase classname="Demo2.AnnotationTest2" name="method1" time="0.0"/>
  <testcase classname="Demo2.AnnotationTest2" name="method2" time="0.001"/>
  <testcase classname="Demo1.OtherAnnotations" name="method3" time="0.0">
    <ignored/>
  </testcase> <!-- method3 -->
</testsuite> <!-- Test -->
